app/build/intermediates/manifest_merge_blame_file/debug/manifest-merger-blame-debug-report.txt
1<?xml version="1.0" encoding="utf-8"?>
2<manifest xmlns:android="http://schemas.android.com/apk/res/android"
3    package="com.example.myapplication"
4    android:versionCode="1"
5    android:versionName="1.0" >
6
7    <uses-sdk
8        android:minSdkVersion="21"
8-->src\main\AndroidManifest.xml
9        android:targetSdkVersion="32" />
9-->src\main\AndroidManifest.xml
10
11    <uses-permission android:name="android.permission.INTERNET" />
11-->src\main\AndroidManifest.xml:6:5-67
11-->src\main\AndroidManifest.xml:6:22-64
12    <uses-permission android:name="android.permission.ACCESS_NETWORK_STATE" />
12-->[com.google.firebase:firebase-auth:21.1.0] AndroidManifest.xml:24:5-79
12-->[com.google.firebase:firebase-auth:21.1.0] AndroidManifest.xml:24:22-76
13    <uses-permission android:name="android.permission.WAKE_LOCK" />
13-->[com.google.android.gms:play-services-measurement-api:21.2.0] AndroidManifest.xml:24:5-68
13-->[com.google.android.gms:play-services-measurement-api:21.2.0] AndroidManifest.xml:24:22-65
14    <uses-permission android:name="com.google.android.gms.permission.AD_ID" />
14-->[com.google.android.gms:play-services-measurement-api:21.2.0] AndroidManifest.xml:25:5-79
14-->[com.google.android.gms:play-services-measurement-api:21.2.0] AndroidManifest.xml:25:22-76
15    <uses-permission android:name="com.google.android.finsky.permission.BIND_GET_INSTALL_REFERRER_SERVICE" />
15-->[com.google.android.gms:play-services-measurement:21.2.0] AndroidManifest.xml:26:5-110
15-->[com.google.android.gms:play-services-measurement:21.2.0] AndroidManifest.xml:26:22-107
16
17    <application
17-->src\main\AndroidManifest.xml:8:5-36:19
18        android:allowBackup="true"
18-->src\main\AndroidManifest.xml:9:9-35
19        android:appComponentFactory="androidx.core.app.CoreComponentFactory"
19-->[androidx.core:core:1.8.0] AndroidManifest.xml:24:18-86
20        android:dataExtractionRules="@xml/data_extraction_rules"
20-->src\main\AndroidManifest.xml:10:9-65
21        android:debuggable="true"
22        android:fullBackupContent="@xml/backup_rules"
22-->src\main\AndroidManifest.xml:11:9-54
23        android:icon="@mipmap/ic_launcher"
23-->src\main\AndroidManifest.xml:12:9-43
24        android:label="@string/app_name"
24-->src\main\AndroidManifest.xml:13:9-41
25        android:roundIcon="@mipmap/ic_launcher_round"
25-->src\main\AndroidManifest.xml:14:9-54
26        android:supportsRtl="true"
26-->src\main\AndroidManifest.xml:15:9-35
27        android:testOnly="true"
28        android:theme="@style/Theme.MyApplication" >
28-->src\main\AndroidManifest.xml:16:9-51
29        <activity
29-->src\main\AndroidManifest.xml:18:9-20:40
30            android:name="com.example.myapplication.Add_MainActivity"
30-->src\main\AndroidManifest.xml:19:13-45
31            android:exported="false" />
31-->src\main\AndroidManifest.xml:20:13-37
32        <activity
32-->src\main\AndroidManifest.xml:21:9-23:40
33            android:name="com.example.myapplication.Sign_up"
33-->src\main\AndroidManifest.xml:22:13-36
34            android:exported="false" />
34-->src\main\AndroidManifest.xml:23:13-37
35        <activity
35-->src\main\AndroidManifest.xml:24:9-26:40
36            android:name="com.example.myapplication.MainActivity"
36-->src\main\AndroidManifest.xml:25:13-41
37            android:exported="false" />
37-->src\main\AndroidManifest.xml:26:13-37
38        <activity
38-->src\main\AndroidManifest.xml:27:9-35:20
39            android:name="com.example.myapplication.Sign_In"
39-->src\main\AndroidManifest.xml:28:13-36
40            android:exported="true" >
40-->src\main\AndroidManifest.xml:29:13-36
41            <intent-filter>
41-->src\main\AndroidManifest.xml:30:13-34:29
42                <action android:name="android.intent.action.MAIN" />
42-->src\main\AndroidManifest.xml:31:17-69
42-->src\main\AndroidManifest.xml:31:25-66
43
44                <category android:name="android.intent.category.LAUNCHER" />
44-->src\main\AndroidManifest.xml:33:17-77
44-->src\main\AndroidManifest.xml:33:27-74
45            </intent-filter>
46        </activity>
47
48        <service
48-->[com.google.firebase:firebase-auth-ktx:21.1.0] AndroidManifest.xml:8:9-14:19
49            android:name="com.google.firebase.components.ComponentDiscoveryService"
49-->[com.google.firebase:firebase-auth-ktx:21.1.0] AndroidManifest.xml:9:13-84
50            android:directBootAware="true"
50-->[com.google.firebase:firebase-common:20.2.0] AndroidManifest.xml:34:13-43
51            android:exported="false" >
51-->[com.google.firebase:firebase-auth-ktx:21.1.0] AndroidManifest.xml:10:13-37
52            <meta-data
52-->[com.google.firebase:firebase-auth-ktx:21.1.0] AndroidManifest.xml:11:13-13:85
53                android:name="com.google.firebase.components:com.google.firebase.auth.ktx.FirebaseAuthKtxRegistrar"
53-->[com.google.firebase:firebase-auth-ktx:21.1.0] AndroidManifest.xml:12:17-116
54                android:value="com.google.firebase.components.ComponentRegistrar" />
54-->[com.google.firebase:firebase-auth-ktx:21.1.0] AndroidManifest.xml:13:17-82
55            <meta-data
55-->[com.google.firebase:firebase-auth:21.1.0] AndroidManifest.xml:67:13-69:85
56                android:name="com.google.firebase.components:com.google.firebase.auth.FirebaseAuthRegistrar"
56-->[com.google.firebase:firebase-auth:21.1.0] AndroidManifest.xml:68:17-109
57                android:value="com.google.firebase.components.ComponentRegistrar" />
57-->[com.google.firebase:firebase-auth:21.1.0] AndroidManifest.xml:69:17-82
58            <meta-data
58-->[com.google.firebase:firebase-database-ktx:20.1.0] AndroidManifest.xml:14:13-16:85
59                android:name="com.google.firebase.components:com.google.firebase.database.ktx.FirebaseDatabaseKtxRegistrar"
59-->[com.google.firebase:firebase-database-ktx:20.1.0] AndroidManifest.xml:15:17-124
60                android:value="com.google.firebase.components.ComponentRegistrar" />
60-->[com.google.firebase:firebase-database-ktx:20.1.0] AndroidManifest.xml:16:17-82
61            <meta-data
61-->[com.google.firebase:firebase-database:20.1.0] AndroidManifest.xml:31:13-33:85
62                android:name="com.google.firebase.components:com.google.firebase.database.DatabaseRegistrar"
62-->[com.google.firebase:firebase-database:20.1.0] AndroidManifest.xml:32:17-109
63                android:value="com.google.firebase.components.ComponentRegistrar" />
63-->[com.google.firebase:firebase-database:20.1.0] AndroidManifest.xml:33:17-82
64            <meta-data
64-->[com.google.firebase:firebase-common-ktx:20.2.0] AndroidManifest.xml:14:13-16:85
65                android:name="com.google.firebase.components:com.google.firebase.ktx.FirebaseCommonKtxRegistrar"
65-->[com.google.firebase:firebase-common-ktx:20.2.0] AndroidManifest.xml:15:17-113
66                android:value="com.google.firebase.components.ComponentRegistrar" />
66-->[com.google.firebase:firebase-common-ktx:20.2.0] AndroidManifest.xml:16:17-82
67            <meta-data
67-->[com.google.android.gms:play-services-measurement-api:21.2.0] AndroidManifest.xml:31:13-33:85
68                android:name="com.google.firebase.components:com.google.firebase.analytics.connector.internal.AnalyticsConnectorRegistrar"
68-->[com.google.android.gms:play-services-measurement-api:21.2.0] AndroidManifest.xml:32:17-139
69                android:value="com.google.firebase.components.ComponentRegistrar" />
69-->[com.google.android.gms:play-services-measurement-api:21.2.0] AndroidManifest.xml:33:17-82
70            <meta-data
70-->[com.google.firebase:firebase-installations:17.1.0] AndroidManifest.xml:17:13-19:85
71                android:name="com.google.firebase.components:com.google.firebase.installations.FirebaseInstallationsRegistrar"
71-->[com.google.firebase:firebase-installations:17.1.0] AndroidManifest.xml:18:17-127
72                android:value="com.google.firebase.components.ComponentRegistrar" />
72-->[com.google.firebase:firebase-installations:17.1.0] AndroidManifest.xml:19:17-82
73        </service>
74
75        <activity
75-->[com.google.firebase:firebase-auth:21.1.0] AndroidManifest.xml:27:9-44:20
76            android:name="com.google.firebase.auth.internal.GenericIdpActivity"
76-->[com.google.firebase:firebase-auth:21.1.0] AndroidManifest.xml:28:13-80
77            android:excludeFromRecents="true"
77-->[com.google.firebase:firebase-auth:21.1.0] AndroidManifest.xml:29:13-46
78            android:exported="true"
78-->[com.google.firebase:firebase-auth:21.1.0] AndroidManifest.xml:30:13-36
79            android:launchMode="singleTask"
79-->[com.google.firebase:firebase-auth:21.1.0] AndroidManifest.xml:31:13-44
80            android:theme="@android:style/Theme.Translucent.NoTitleBar" >
80-->[com.google.firebase:firebase-auth:21.1.0] AndroidManifest.xml:32:13-72
81            <intent-filter>
81-->[com.google.firebase:firebase-auth:21.1.0] AndroidManifest.xml:33:13-43:29
82                <action android:name="android.intent.action.VIEW" />
82-->[com.google.firebase:firebase-auth:21.1.0] AndroidManifest.xml:34:17-69
82-->[com.google.firebase:firebase-auth:21.1.0] AndroidManifest.xml:34:25-66
83
84                <category android:name="android.intent.category.DEFAULT" />
84-->[com.google.firebase:firebase-auth:21.1.0] AndroidManifest.xml:36:17-76
84-->[com.google.firebase:firebase-auth:21.1.0] AndroidManifest.xml:36:27-73
85                <category android:name="android.intent.category.BROWSABLE" />
85-->[com.google.firebase:firebase-auth:21.1.0] AndroidManifest.xml:37:17-78
85-->[com.google.firebase:firebase-auth:21.1.0] AndroidManifest.xml:37:27-75
86
87                <data
87-->[com.google.firebase:firebase-auth:21.1.0] AndroidManifest.xml:39:17-42:51
88                    android:host="firebase.auth"
88-->[com.google.firebase:firebase-auth:21.1.0] AndroidManifest.xml:40:21-49
89                    android:path="/"
89-->[com.google.firebase:firebase-auth:21.1.0] AndroidManifest.xml:41:21-37
90                    android:scheme="genericidp" />
90-->[com.google.firebase:firebase-auth:21.1.0] AndroidManifest.xml:42:21-48
91            </intent-filter>
92        </activity>
93        <activity
93-->[com.google.firebase:firebase-auth:21.1.0] AndroidManifest.xml:45:9-62:20
94            android:name="com.google.firebase.auth.internal.RecaptchaActivity"
94-->[com.google.firebase:firebase-auth:21.1.0] AndroidManifest.xml:46:13-79
95            android:excludeFromRecents="true"
95-->[com.google.firebase:firebase-auth:21.1.0] AndroidManifest.xml:47:13-46
96            android:exported="true"
96-->[com.google.firebase:firebase-auth:21.1.0] AndroidManifest.xml:48:13-36
97            android:launchMode="singleTask"
97-->[com.google.firebase:firebase-auth:21.1.0] AndroidManifest.xml:49:13-44
98            android:theme="@android:style/Theme.Translucent.NoTitleBar" >
98-->[com.google.firebase:firebase-auth:21.1.0] AndroidManifest.xml:50:13-72
99            <intent-filter>
99-->[com.google.firebase:firebase-auth:21.1.0] AndroidManifest.xml:51:13-61:29
100                <action android:name="android.intent.action.VIEW" />
100-->[com.google.firebase:firebase-auth:21.1.0] AndroidManifest.xml:34:17-69
100-->[com.google.firebase:firebase-auth:21.1.0] AndroidManifest.xml:34:25-66
101
102                <category android:name="android.intent.category.DEFAULT" />
102-->[com.google.firebase:firebase-auth:21.1.0] AndroidManifest.xml:36:17-76
102-->[com.google.firebase:firebase-auth:21.1.0] AndroidManifest.xml:36:27-73
103                <category android:name="android.intent.category.BROWSABLE" />
103-->[com.google.firebase:firebase-auth:21.1.0] AndroidManifest.xml:37:17-78
103-->[com.google.firebase:firebase-auth:21.1.0] AndroidManifest.xml:37:27-75
104
105                <data
105-->[com.google.firebase:firebase-auth:21.1.0] AndroidManifest.xml:39:17-42:51
106                    android:host="firebase.auth"
106-->[com.google.firebase:firebase-auth:21.1.0] AndroidManifest.xml:40:21-49
107                    android:path="/"
107-->[com.google.firebase:firebase-auth:21.1.0] AndroidManifest.xml:41:21-37
108                    android:scheme="recaptcha" />
108-->[com.google.firebase:firebase-auth:21.1.0] AndroidManifest.xml:42:21-48
109            </intent-filter>
110        </activity>
111
112        <provider
112-->[com.google.firebase:firebase-common:20.2.0] AndroidManifest.xml:25:9-30:39
113            android:name="com.google.firebase.provider.FirebaseInitProvider"
113-->[com.google.firebase:firebase-common:20.2.0] AndroidManifest.xml:26:13-77
114            android:authorities="com.example.myapplication.firebaseinitprovider"
114-->[com.google.firebase:firebase-common:20.2.0] AndroidManifest.xml:27:13-72
115            android:directBootAware="true"
115-->[com.google.firebase:firebase-common:20.2.0] AndroidManifest.xml:28:13-43
116            android:exported="false"
116-->[com.google.firebase:firebase-common:20.2.0] AndroidManifest.xml:29:13-37
117            android:initOrder="100" />
117-->[com.google.firebase:firebase-common:20.2.0] AndroidManifest.xml:30:13-36
118
119        <activity
119-->[com.google.android.gms:play-services-base:18.0.1] AndroidManifest.xml:20:9-22:45
120            android:name="com.google.android.gms.common.api.GoogleApiActivity"
120-->[com.google.android.gms:play-services-base:18.0.1] AndroidManifest.xml:20:19-85
121            android:exported="false"
121-->[com.google.android.gms:play-services-base:18.0.1] AndroidManifest.xml:22:19-43
122            android:theme="@android:style/Theme.Translucent.NoTitleBar" />
122-->[com.google.android.gms:play-services-base:18.0.1] AndroidManifest.xml:21:19-78
123
124        <receiver
124-->[com.google.android.gms:play-services-measurement:21.2.0] AndroidManifest.xml:29:9-33:20
125            android:name="com.google.android.gms.measurement.AppMeasurementReceiver"
125-->[com.google.android.gms:play-services-measurement:21.2.0] AndroidManifest.xml:30:13-85
126            android:enabled="true"
126-->[com.google.android.gms:play-services-measurement:21.2.0] AndroidManifest.xml:31:13-35
127            android:exported="false" >
127-->[com.google.android.gms:play-services-measurement:21.2.0] AndroidManifest.xml:32:13-37
128        </receiver>
129
130        <service
130-->[com.google.android.gms:play-services-measurement:21.2.0] AndroidManifest.xml:35:9-38:40
131            android:name="com.google.android.gms.measurement.AppMeasurementService"
131-->[com.google.android.gms:play-services-measurement:21.2.0] AndroidManifest.xml:36:13-84
132            android:enabled="true"
132-->[com.google.android.gms:play-services-measurement:21.2.0] AndroidManifest.xml:37:13-35
133            android:exported="false" />
133-->[com.google.android.gms:play-services-measurement:21.2.0] AndroidManifest.xml:38:13-37
134        <service
134-->[com.google.android.gms:play-services-measurement:21.2.0] AndroidManifest.xml:39:9-43:72
135            android:name="com.google.android.gms.measurement.AppMeasurementJobService"
135-->[com.google.android.gms:play-services-measurement:21.2.0] AndroidManifest.xml:40:13-87
136            android:enabled="true"
136-->[com.google.android.gms:play-services-measurement:21.2.0] AndroidManifest.xml:41:13-35
137            android:exported="false"
137-->[com.google.android.gms:play-services-measurement:21.2.0] AndroidManifest.xml:42:13-37
138            android:permission="android.permission.BIND_JOB_SERVICE" />
138-->[com.google.android.gms:play-services-measurement:21.2.0] AndroidManifest.xml:43:13-69
139
140        <meta-data
140-->[com.google.android.gms:play-services-basement:18.1.0] AndroidManifest.xml:21:9-23:69
141            android:name="com.google.android.gms.version"
141-->[com.google.android.gms:play-services-basement:18.1.0] AndroidManifest.xml:22:13-58
142            android:value="@integer/google_play_services_version" />
142-->[com.google.android.gms:play-services-basement:18.1.0] AndroidManifest.xml:23:13-66
143
144        <provider
144-->[androidx.emoji2:emoji2:1.2.0] AndroidManifest.xml:24:9-32:20
145            android:name="androidx.startup.InitializationProvider"
145-->[androidx.emoji2:emoji2:1.2.0] AndroidManifest.xml:25:13-67
146            android:authorities="com.example.myapplication.androidx-startup"
146-->[androidx.emoji2:emoji2:1.2.0] AndroidManifest.xml:26:13-68
147            android:exported="false" >
147-->[androidx.emoji2:emoji2:1.2.0] AndroidManifest.xml:27:13-37
148            <meta-data
148-->[androidx.emoji2:emoji2:1.2.0] AndroidManifest.xml:29:13-31:52
149                android:name="androidx.emoji2.text.EmojiCompatInitializer"
149-->[androidx.emoji2:emoji2:1.2.0] AndroidManifest.xml:30:17-75
150                android:value="androidx.startup" />
150-->[androidx.emoji2:emoji2:1.2.0] AndroidManifest.xml:31:17-49
151            <meta-data
151-->[androidx.lifecycle:lifecycle-process:2.4.1] AndroidManifest.xml:31:13-33:52
152                android:name="androidx.lifecycle.ProcessLifecycleInitializer"
152-->[androidx.lifecycle:lifecycle-process:2.4.1] AndroidManifest.xml:32:17-78
153                android:value="androidx.startup" />
153-->[androidx.lifecycle:lifecycle-process:2.4.1] AndroidManifest.xml:33:17-49
154        </provider>
155    </application>
156
157</manifest>